[debug] [2023-03-20T07:18:37.641Z] ----------------------------------------------------------------------
[debug] [2023-03-20T07:18:37.645Z] Command:       C:\Program Files\nodejs\node.exe C:\Users\HP-PC\AppData\Roaming\npm\node_modules\firebase-tools\lib\bin\firebase.js init
[debug] [2023-03-20T07:18:37.646Z] CLI Version:   11.24.1
[debug] [2023-03-20T07:18:37.646Z] Platform:      win32
[debug] [2023-03-20T07:18:37.646Z] Node Version:  v18.15.0
[debug] [2023-03-20T07:18:37.647Z] Time:          Mon Mar 20 2023 12:48:37 GMT+0530 (India Standard Time)
[debug] [2023-03-20T07:18:37.648Z] ----------------------------------------------------------------------
[debug] 
[debug] [2023-03-20T07:18:37.788Z] > command requires scopes: ["email","openid","https://www.googleapis.com/auth/cloudplatformprojects.readonly","https://www.googleapis.com/auth/firebase","https://www.googleapis.com/auth/cloud-platform"]
[debug] [2023-03-20T07:18:37.789Z] > authorizing via signed-in user (thushariakalanka@gmail.com)
[info] 
     ######## #### ########  ######## ########     ###     ######  ########
     ##        ##  ##     ## ##       ##     ##  ##   ##  ##       ##
     ######    ##  ########  ######   ########  #########  ######  ######
     ##        ##  ##    ##  ##       ##     ## ##     ##       ## ##
     ##       #### ##     ## ######## ########  ##     ##  ######  ########

You're about to initialize a Firebase project in this directory:

  C:\Users\HP-PC

Before we get started, keep in mind:

  * You are initializing within an existing Firebase project directory

[info] 
=== Project Setup
[info] 
[info] First, let's associate this project directory with a Firebase project.
[info] You can create multiple project aliases by running firebase use --add, 
[info] but for now we'll just set up a default project.
[info] 
[debug] [2023-03-20T07:19:35.754Z] Using project from CLI flag: esp-firebase-project-d1170
[debug] [2023-03-20T07:19:35.757Z] >>> [apiv2][query] GET https://firebase.googleapis.com/v1beta1/projects/esp-firebase-project-d1170 [none]
[debug] [2023-03-20T07:19:36.918Z] <<< [apiv2][status] GET https://firebase.googleapis.com/v1beta1/projects/esp-firebase-project-d1170 200
[debug] [2023-03-20T07:19:36.918Z] <<< [apiv2][body] GET https://firebase.googleapis.com/v1beta1/projects/esp-firebase-project-d1170 {"projectId":"esp-firebase-project-d1170","projectNumber":"464482526057","displayName":"ESP Firebase Project","name":"projects/esp-firebase-project-d1170","resources":{"hostingSite":"esp-firebase-project-d1170","realtimeDatabaseInstance":"esp-firebase-project-d1170-default-rtdb"},"state":"ACTIVE","etag":"1_36659675-96b8-4d87-9ed2-dc877956c6b3"}
[info] i  Using project esp-firebase-project-d1170 (ESP Firebase Project) 
[info] 
=== Database Setup
[info] i  database: ensuring required API firebasedatabase.googleapis.com is enabled... 
[debug] [2023-03-20T07:19:36.941Z] >>> [apiv2][query] GET https://serviceusage.googleapis.com/v1/projects/esp-firebase-project-d1170/services/firebasedatabase.googleapis.com [none]
[debug] [2023-03-20T07:19:36.941Z] >>> [apiv2][(partial)header] GET https://serviceusage.googleapis.com/v1/projects/esp-firebase-project-d1170/services/firebasedatabase.googleapis.com x-goog-quota-user=projects/esp-firebase-project-d1170
[debug] [2023-03-20T07:19:38.832Z] <<< [apiv2][status] GET https://serviceusage.googleapis.com/v1/projects/esp-firebase-project-d1170/services/firebasedatabase.googleapis.com 200
[debug] [2023-03-20T07:19:38.832Z] <<< [apiv2][body] GET https://serviceusage.googleapis.com/v1/projects/esp-firebase-project-d1170/services/firebasedatabase.googleapis.com [omitted]
[info] +  database: required API firebasedatabase.googleapis.com is enabled 
[info] 
[debug] [2023-03-20T07:19:38.835Z] >>> [apiv2][query] GET https://firebasedatabase.googleapis.com/v1beta/projects/esp-firebase-project-d1170/locations/-/instances/esp-firebase-project-d1170-default-rtdb [none]
[debug] [2023-03-20T07:19:39.551Z] <<< [apiv2][status] GET https://firebasedatabase.googleapis.com/v1beta/projects/esp-firebase-project-d1170/locations/-/instances/esp-firebase-project-d1170-default-rtdb 200
[debug] [2023-03-20T07:19:39.552Z] <<< [apiv2][body] GET https://firebasedatabase.googleapis.com/v1beta/projects/esp-firebase-project-d1170/locations/-/instances/esp-firebase-project-d1170-default-rtdb {"name":"projects/464482526057/locations/asia-southeast1/instances/esp-firebase-project-d1170-default-rtdb","project":"projects/464482526057","databaseUrl":"https://esp-firebase-project-d1170-default-rtdb.asia-southeast1.firebasedatabase.app","type":"DEFAULT_DATABASE","state":"ACTIVE"}
[info] 
[info] Firebase Realtime Database Security Rules allow you to define how your data should be
[info] structured and when your data can be read from and written to.
[info] 
[debug] [2023-03-20T07:19:39.555Z] >>> [apiv2][query] GET https://esp-firebase-project-d1170-default-rtdb.asia-southeast1.firebasedatabase.app/.settings/rules.json [none]
[debug] [2023-03-20T07:19:39.832Z] <<< [apiv2][status] GET https://esp-firebase-project-d1170-default-rtdb.asia-southeast1.firebasedatabase.app/.settings/rules.json 200
[debug] [2023-03-20T07:19:39.833Z] <<< [apiv2][body] GET https://esp-firebase-project-d1170-default-rtdb.asia-southeast1.firebasedatabase.app/.settings/rules.json [stream]
[info] +  Database Rules for esp-firebase-project-d1170-default-rtdb have been written to database.rules.json. 
[info] Future modifications to database.rules.json will update Realtime Database Security Rules when you run
[info] firebase deploy.
[info] 
=== Functions Setup
[debug] [2023-03-20T07:19:39.838Z] > command requires scopes: ["email","openid","https://www.googleapis.com/auth/cloudplatformprojects.readonly","https://www.googleapis.com/auth/firebase","https://www.googleapis.com/auth/cloud-platform"]
[debug] [2023-03-20T07:19:39.839Z] > authorizing via signed-in user (thushariakalanka@gmail.com)
[debug] [2023-03-20T07:19:39.839Z] [iam] checking project esp-firebase-project-d1170 for permissions ["firebase.projects.get"]
[debug] [2023-03-20T07:19:39.841Z] >>> [apiv2][query] POST https://cloudresourcemanager.googleapis.com/v1/projects/esp-firebase-project-d1170:testIamPermissions [none]
[debug] [2023-03-20T07:19:39.841Z] >>> [apiv2][(partial)header] POST https://cloudresourcemanager.googleapis.com/v1/projects/esp-firebase-project-d1170:testIamPermissions x-goog-quota-user=projects/esp-firebase-project-d1170
[debug] [2023-03-20T07:19:39.841Z] >>> [apiv2][body] POST https://cloudresourcemanager.googleapis.com/v1/projects/esp-firebase-project-d1170:testIamPermissions {"permissions":["firebase.projects.get"]}
[debug] [2023-03-20T07:19:41.388Z] <<< [apiv2][status] POST https://cloudresourcemanager.googleapis.com/v1/projects/esp-firebase-project-d1170:testIamPermissions 200
[debug] [2023-03-20T07:19:41.389Z] <<< [apiv2][body] POST https://cloudresourcemanager.googleapis.com/v1/projects/esp-firebase-project-d1170:testIamPermissions {"permissions":["firebase.projects.get"]}
[debug] [2023-03-20T07:19:41.389Z] >>> [apiv2][query] GET https://serviceusage.googleapis.com/v1/projects/esp-firebase-project-d1170/services/cloudfunctions.googleapis.com [none]
[debug] [2023-03-20T07:19:41.389Z] >>> [apiv2][(partial)header] GET https://serviceusage.googleapis.com/v1/projects/esp-firebase-project-d1170/services/cloudfunctions.googleapis.com x-goog-quota-user=projects/esp-firebase-project-d1170
[debug] [2023-03-20T07:19:41.394Z] >>> [apiv2][query] GET https://serviceusage.googleapis.com/v1/projects/esp-firebase-project-d1170/services/runtimeconfig.googleapis.com [none]
[debug] [2023-03-20T07:19:41.394Z] >>> [apiv2][(partial)header] GET https://serviceusage.googleapis.com/v1/projects/esp-firebase-project-d1170/services/runtimeconfig.googleapis.com x-goog-quota-user=projects/esp-firebase-project-d1170
[debug] [2023-03-20T07:19:43.313Z] <<< [apiv2][status] GET https://serviceusage.googleapis.com/v1/projects/esp-firebase-project-d1170/services/cloudfunctions.googleapis.com 200
[debug] [2023-03-20T07:19:43.313Z] <<< [apiv2][body] GET https://serviceusage.googleapis.com/v1/projects/esp-firebase-project-d1170/services/cloudfunctions.googleapis.com [omitted]
[debug] [2023-03-20T07:19:43.314Z] >>> [apiv2][query] POST https://serviceusage.googleapis.com/v1/projects/esp-firebase-project-d1170/services/cloudfunctions.googleapis.com:enable [none]
[debug] [2023-03-20T07:19:43.314Z] >>> [apiv2][(partial)header] POST https://serviceusage.googleapis.com/v1/projects/esp-firebase-project-d1170/services/cloudfunctions.googleapis.com:enable x-goog-quota-user=projects/esp-firebase-project-d1170
[debug] [2023-03-20T07:19:43.318Z] <<< [apiv2][status] GET https://serviceusage.googleapis.com/v1/projects/esp-firebase-project-d1170/services/runtimeconfig.googleapis.com 200
[debug] [2023-03-20T07:19:43.318Z] <<< [apiv2][body] GET https://serviceusage.googleapis.com/v1/projects/esp-firebase-project-d1170/services/runtimeconfig.googleapis.com [omitted]
[debug] [2023-03-20T07:19:45.229Z] <<< [apiv2][status] POST https://serviceusage.googleapis.com/v1/projects/esp-firebase-project-d1170/services/cloudfunctions.googleapis.com:enable 200
[debug] [2023-03-20T07:19:45.229Z] <<< [apiv2][body] POST https://serviceusage.googleapis.com/v1/projects/esp-firebase-project-d1170/services/cloudfunctions.googleapis.com:enable [omitted]
[debug] [2023-03-20T07:19:55.236Z] >>> [apiv2][query] GET https://serviceusage.googleapis.com/v1/projects/esp-firebase-project-d1170/services/cloudfunctions.googleapis.com [none]
[debug] [2023-03-20T07:19:55.236Z] >>> [apiv2][(partial)header] GET https://serviceusage.googleapis.com/v1/projects/esp-firebase-project-d1170/services/cloudfunctions.googleapis.com x-goog-quota-user=projects/esp-firebase-project-d1170
[debug] [2023-03-20T07:19:57.070Z] <<< [apiv2][status] GET https://serviceusage.googleapis.com/v1/projects/esp-firebase-project-d1170/services/cloudfunctions.googleapis.com 200
[debug] [2023-03-20T07:19:57.070Z] <<< [apiv2][body] GET https://serviceusage.googleapis.com/v1/projects/esp-firebase-project-d1170/services/cloudfunctions.googleapis.com [omitted]
[info] Let's create a new codebase for your functions.
[info] A directory corresponding to the codebase will be created in your project
[info] with sample code pre-configured.

[info] See https://firebase.google.com/docs/functions/organize-functions for
[info] more information on organizing your functions using codebases.

[info] Functions can be deployed with firebase deploy.

